This file contains any messages produced by compilers while
running configure, to aid debugging if configure makes a mistake.

It was created by FULL-PACKAGE-NAME configure VERSION, which was
generated by GNU Autoconf 2.63.  Invocation command line was

  $ ./configure 

## --------- ##
## Platform. ##
## --------- ##

hostname = beta
uname -m = x86_64
uname -r = 5.0.13-arch1-1-ARCH
uname -s = Linux
uname -v = #1 SMP PREEMPT Sun May 5 18:05:41 UTC 2019

/usr/bin/uname -p = unknown
/bin/uname -X     = unknown

/bin/arch              = unknown
/usr/bin/arch -k       = unknown
/usr/convex/getsysinfo = unknown
/usr/bin/hostinfo      = unknown
/bin/machine           = unknown
/usr/bin/oslevel       = unknown
/bin/universe          = unknown

PATH: /usr/local/sbin
PATH: /usr/local/bin
PATH: /usr/bin
PATH: /usr/bin/site_perl
PATH: /usr/bin/vendor_perl
PATH: /usr/bin/core_perl


## ----------- ##
## Core tests. ##
## ----------- ##

configure:1904: checking for gcc
configure:1920: found /usr/bin/gcc
configure:1931: result: gcc
configure:2163: checking for C compiler version
configure:2171: gcc --version >&5
gcc (GCC) 8.3.0
Copyright (C) 2018 Free Software Foundation, Inc.
This is free software; see the source for copying conditions.  There is NO
warranty; not even for MERCHANTABILITY or FITNESS FOR A PARTICULAR PURPOSE.

configure:2175: $? = 0
configure:2182: gcc -v >&5
Using built-in specs.
COLLECT_GCC=gcc
COLLECT_LTO_WRAPPER=/usr/lib/gcc/x86_64-pc-linux-gnu/8.3.0/lto-wrapper
Target: x86_64-pc-linux-gnu
Configured with: /build/gcc/src/gcc/configure --prefix=/usr --libdir=/usr/lib --libexecdir=/usr/lib --mandir=/usr/share/man --infodir=/usr/share/info --with-bugurl=https://bugs.archlinux.org/ --enable-languages=c,c++,ada,fortran,go,lto,objc,obj-c++ --enable-shared --enable-threads=posix --enable-libmpx --with-system-zlib --with-isl --enable-__cxa_atexit --disable-libunwind-exceptions --enable-clocale=gnu --disable-libstdcxx-pch --disable-libssp --enable-gnu-unique-object --enable-linker-build-id --enable-lto --enable-plugin --enable-install-libiberty --with-linker-hash-style=gnu --enable-gnu-indirect-function --enable-multilib --disable-werror --enable-checking=release --enable-default-pie --enable-default-ssp --enable-cet=auto
Thread model: posix
gcc version 8.3.0 (GCC) 
configure:2186: $? = 0
configure:2193: gcc -V >&5
gcc: error: unrecognized command line option '-V'
gcc: fatal error: no input files
compilation terminated.
configure:2197: $? = 1
configure:2220: checking for C compiler default output file name
configure:2242: gcc    conftest.c  >&5
configure:2246: $? = 0
configure:2284: result: a.out
configure:2303: checking whether the C compiler works
configure:2313: ./a.out
configure:2317: $? = 0
configure:2336: result: yes
configure:2343: checking whether we are cross compiling
configure:2345: result: no
configure:2348: checking for suffix of executables
configure:2355: gcc -o conftest    conftest.c  >&5
configure:2359: $? = 0
configure:2385: result: 
configure:2391: checking for suffix of object files
configure:2417: gcc -c   conftest.c >&5
configure:2421: $? = 0
configure:2446: result: o
configure:2450: checking whether we are using the GNU C compiler
configure:2479: gcc -c   conftest.c >&5
configure:2486: $? = 0
configure:2503: result: yes
configure:2512: checking whether gcc accepts -g
configure:2542: gcc -c -g  conftest.c >&5
configure:2549: $? = 0
configure:2650: result: yes
configure:2667: checking for gcc option to accept ISO C89
configure:2741: gcc  -c -g -O2  conftest.c >&5
configure:2748: $? = 0
configure:2771: result: none needed
configure:2834: checking for a BSD-compatible install
configure:2902: result: /usr/bin/install -c
configure:2918: checking for main in -ldl
configure:2947: gcc -o conftest -g -O2   conftest.c -ldl   >&5
configure:2954: $? = 0
configure:2975: result: yes
configure:2988: checking for main in -lldap
configure:3017: gcc -o conftest -g -O2   conftest.c -lldap  -ldl  >&5
configure:3024: $? = 0
configure:3045: result: yes
configure:3058: checking for main in -lpam
configure:3087: gcc -o conftest -g -O2   conftest.c -lpam  -lldap -ldl  >&5
configure:3094: $? = 0
configure:3115: result: yes
configure:3128: checking for main in -lpam_misc
configure:3157: gcc -o conftest -g -O2   conftest.c -lpam_misc  -lpam -lldap -ldl  >&5
configure:3164: $? = 0
configure:3185: result: yes
configure:3198: checking for main in -lpthread
configure:3227: gcc -o conftest -g -O2   conftest.c -lpthread  -lpam_misc -lpam -lldap -ldl  >&5
configure:3234: $? = 0
configure:3255: result: yes
configure:3268: checking for main in -lssl
configure:3297: gcc -o conftest -g -O2   conftest.c -lssl  -lpthread -lpam_misc -lpam -lldap -ldl  >&5
configure:3304: $? = 0
configure:3325: result: yes
configure:3343: checking how to run the C preprocessor
configure:3383: gcc -E  conftest.c
configure:3390: $? = 0
configure:3421: gcc -E  conftest.c
conftest.c:14:10: fatal error: ac_nonexistent.h: No such file or directory
 #include <ac_nonexistent.h>
          ^~~~~~~~~~~~~~~~~~
compilation terminated.
configure:3428: $? = 1
configure: failed program was:
| /* confdefs.h.  */
| #define PACKAGE_NAME "FULL-PACKAGE-NAME"
| #define PACKAGE_TARNAME "full-package-name"
| #define PACKAGE_VERSION "VERSION"
| #define PACKAGE_STRING "FULL-PACKAGE-NAME VERSION"
| #define PACKAGE_BUGREPORT "BUG-REPORT-ADDRESS"
| #define HAVE_LIBDL 1
| #define HAVE_LIBLDAP 1
| #define HAVE_LIBPAM 1
| #define HAVE_LIBPAM_MISC 1
| #define HAVE_LIBPTHREAD 1
| #define HAVE_LIBSSL 1
| /* end confdefs.h.  */
| #include <ac_nonexistent.h>
configure:3461: result: gcc -E
configure:3490: gcc -E  conftest.c
configure:3497: $? = 0
configure:3528: gcc -E  conftest.c
conftest.c:14:10: fatal error: ac_nonexistent.h: No such file or directory
 #include <ac_nonexistent.h>
          ^~~~~~~~~~~~~~~~~~
compilation terminated.
configure:3535: $? = 1
configure: failed program was:
| /* confdefs.h.  */
| #define PACKAGE_NAME "FULL-PACKAGE-NAME"
| #define PACKAGE_TARNAME "full-package-name"
| #define PACKAGE_VERSION "VERSION"
| #define PACKAGE_STRING "FULL-PACKAGE-NAME VERSION"
| #define PACKAGE_BUGREPORT "BUG-REPORT-ADDRESS"
| #define HAVE_LIBDL 1
| #define HAVE_LIBLDAP 1
| #define HAVE_LIBPAM 1
| #define HAVE_LIBPAM_MISC 1
| #define HAVE_LIBPTHREAD 1
| #define HAVE_LIBSSL 1
| /* end confdefs.h.  */
| #include <ac_nonexistent.h>
configure:3575: checking for grep that handles long lines and -e
configure:3635: result: /usr/bin/grep
configure:3640: checking for egrep
configure:3704: result: /usr/bin/grep -E
configure:3709: checking for ANSI C header files
configure:3739: gcc -c -g -O2  conftest.c >&5
configure:3746: $? = 0
configure:3845: gcc -o conftest -g -O2   conftest.c -lssl -lpthread -lpam_misc -lpam -lldap -ldl  >&5
configure:3849: $? = 0
configure:3855: ./conftest
configure:3859: $? = 0
configure:3877: result: yes
configure:3887: checking for sys/wait.h that is POSIX.1 compatible
configure:3923: gcc -c -g -O2  conftest.c >&5
configure:3930: $? = 0
configure:3945: result: yes
configure:3971: checking for sys/types.h
configure:3992: gcc -c -g -O2  conftest.c >&5
configure:3999: $? = 0
configure:4016: result: yes
configure:3971: checking for sys/stat.h
configure:3992: gcc -c -g -O2  conftest.c >&5
configure:3999: $? = 0
configure:4016: result: yes
configure:3971: checking for stdlib.h
configure:3992: gcc -c -g -O2  conftest.c >&5
configure:3999: $? = 0
configure:4016: result: yes
configure:3971: checking for string.h
configure:3992: gcc -c -g -O2  conftest.c >&5
configure:3999: $? = 0
configure:4016: result: yes
configure:3971: checking for memory.h
configure:3992: gcc -c -g -O2  conftest.c >&5
configure:3999: $? = 0
configure:4016: result: yes
configure:3971: checking for strings.h
configure:3992: gcc -c -g -O2  conftest.c >&5
configure:3999: $? = 0
configure:4016: result: yes
configure:3971: checking for inttypes.h
configure:3992: gcc -c -g -O2  conftest.c >&5
configure:3999: $? = 0
configure:4016: result: yes
configure:3971: checking for stdint.h
configure:3992: gcc -c -g -O2  conftest.c >&5
configure:3999: $? = 0
configure:4016: result: yes
configure:3971: checking for unistd.h
configure:3992: gcc -c -g -O2  conftest.c >&5
configure:3999: $? = 0
configure:4016: result: yes
configure:4059: checking arpa/inet.h usability
configure:4076: gcc -c -g -O2  conftest.c >&5
configure:4083: $? = 0
configure:4097: result: yes
configure:4101: checking arpa/inet.h presence
configure:4116: gcc -E  conftest.c
configure:4123: $? = 0
configure:4137: result: yes
configure:4170: checking for arpa/inet.h
configure:4179: result: yes
configure:4059: checking fcntl.h usability
configure:4076: gcc -c -g -O2  conftest.c >&5
configure:4083: $? = 0
configure:4097: result: yes
configure:4101: checking fcntl.h presence
configure:4116: gcc -E  conftest.c
configure:4123: $? = 0
configure:4137: result: yes
configure:4170: checking for fcntl.h
configure:4179: result: yes
configure:4059: checking netdb.h usability
configure:4076: gcc -c -g -O2  conftest.c >&5
configure:4083: $? = 0
configure:4097: result: yes
configure:4101: checking netdb.h presence
configure:4116: gcc -E  conftest.c
configure:4123: $? = 0
configure:4137: result: yes
configure:4170: checking for netdb.h
configure:4179: result: yes
configure:4059: checking netinet/in.h usability
configure:4076: gcc -c -g -O2  conftest.c >&5
configure:4083: $? = 0
configure:4097: result: yes
configure:4101: checking netinet/in.h presence
configure:4116: gcc -E  conftest.c
configure:4123: $? = 0
configure:4137: result: yes
configure:4170: checking for netinet/in.h
configure:4179: result: yes
configure:4048: checking for stdlib.h
configure:4055: result: yes
configure:4048: checking for string.h
configure:4055: result: yes
configure:4059: checking sys/ioctl.h usability
configure:4076: gcc -c -g -O2  conftest.c >&5
configure:4083: $? = 0
configure:4097: result: yes
configure:4101: checking sys/ioctl.h presence
configure:4116: gcc -E  conftest.c
configure:4123: $? = 0
configure:4137: result: yes
configure:4170: checking for sys/ioctl.h
configure:4179: result: yes
configure:4059: checking sys/socket.h usability
configure:4076: gcc -c -g -O2  conftest.c >&5
configure:4083: $? = 0
configure:4097: result: yes
configure:4101: checking sys/socket.h presence
configure:4116: gcc -E  conftest.c
configure:4123: $? = 0
configure:4137: result: yes
configure:4170: checking for sys/socket.h
configure:4179: result: yes
configure:4059: checking sys/time.h usability
configure:4076: gcc -c -g -O2  conftest.c >&5
configure:4083: $? = 0
configure:4097: result: yes
configure:4101: checking sys/time.h presence
configure:4116: gcc -E  conftest.c
configure:4123: $? = 0
configure:4137: result: yes
configure:4170: checking for sys/time.h
configure:4179: result: yes
configure:4059: checking syslog.h usability
configure:4076: gcc -c -g -O2  conftest.c >&5
configure:4083: $? = 0
configure:4097: result: yes
configure:4101: checking syslog.h presence
configure:4116: gcc -E  conftest.c
configure:4123: $? = 0
configure:4137: result: yes
configure:4170: checking for syslog.h
configure:4179: result: yes
configure:4048: checking for unistd.h
configure:4055: result: yes
configure:4059: checking security/pam_misc.h usability
configure:4076: gcc -c -g -O2  conftest.c >&5
configure:4083: $? = 0
configure:4097: result: yes
configure:4101: checking security/pam_misc.h presence
configure:4116: gcc -E  conftest.c
configure:4123: $? = 0
configure:4137: result: yes
configure:4170: checking for security/pam_misc.h
configure:4179: result: yes
configure:4059: checking security/pam_appl.h usability
configure:4076: gcc -c -g -O2  conftest.c >&5
configure:4083: $? = 0
configure:4097: result: yes
configure:4101: checking security/pam_appl.h presence
configure:4116: gcc -E  conftest.c
configure:4123: $? = 0
configure:4137: result: yes
configure:4170: checking for security/pam_appl.h
configure:4179: result: yes
configure:4364: checking for an ANSI C-conforming const
configure:4439: gcc -c -g -O2  conftest.c >&5
configure:4446: $? = 0
configure:4461: result: yes
configure:4471: checking for inline
configure:4497: gcc -c -g -O2  conftest.c >&5
configure:4504: $? = 0
configure:4522: result: inline
configure:4541: checking for pid_t
configure:4569: gcc -c -g -O2  conftest.c >&5
configure:4576: $? = 0
configure:4603: gcc -c -g -O2  conftest.c >&5
conftest.c: In function 'main':
conftest.c:74:20: error: expected expression before ')' token
 if (sizeof ((pid_t)))
                    ^
configure:4610: $? = 1
configure: failed program was:
| /* confdefs.h.  */
| #define PACKAGE_NAME "FULL-PACKAGE-NAME"
| #define PACKAGE_TARNAME "full-package-name"
| #define PACKAGE_VERSION "VERSION"
| #define PACKAGE_STRING "FULL-PACKAGE-NAME VERSION"
| #define PACKAGE_BUGREPORT "BUG-REPORT-ADDRESS"
| #define HAVE_LIBDL 1
| #define HAVE_LIBLDAP 1
| #define HAVE_LIBPAM 1
| #define HAVE_LIBPAM_MISC 1
| #define HAVE_LIBPTHREAD 1
| #define HAVE_LIBSSL 1
| #define STDC_HEADERS 1
| #define HAVE_SYS_WAIT_H 1
| #define HAVE_SYS_TYPES_H 1
| #define HAVE_SYS_STAT_H 1
| #define HAVE_STDLIB_H 1
| #define HAVE_STRING_H 1
| #define HAVE_MEMORY_H 1
| #define HAVE_STRINGS_H 1
| #define HAVE_INTTYPES_H 1
| #define HAVE_STDINT_H 1
| #define HAVE_UNISTD_H 1
| #define HAVE_ARPA_INET_H 1
| #define HAVE_FCNTL_H 1
| #define HAVE_NETDB_H 1
| #define HAVE_NETINET_IN_H 1
| #define HAVE_STDLIB_H 1
| #define HAVE_STRING_H 1
| #define HAVE_SYS_IOCTL_H 1
| #define HAVE_SYS_SOCKET_H 1
| #define HAVE_SYS_TIME_H 1
| #define HAVE_SYSLOG_H 1
| #define HAVE_UNISTD_H 1
| #define HAVE_SECURITY_PAM_MISC_H 1
| #define HAVE_SECURITY_PAM_APPL_H 1
| /* end confdefs.h.  */
| #include <stdio.h>
| #ifdef HAVE_SYS_TYPES_H
| # include <sys/types.h>
| #endif
| #ifdef HAVE_SYS_STAT_H
| # include <sys/stat.h>
| #endif
| #ifdef STDC_HEADERS
| # include <stdlib.h>
| # include <stddef.h>
| #else
| # ifdef HAVE_STDLIB_H
| #  include <stdlib.h>
| # endif
| #endif
| #ifdef HAVE_STRING_H
| # if !defined STDC_HEADERS && defined HAVE_MEMORY_H
| #  include <memory.h>
| # endif
| # include <string.h>
| #endif
| #ifdef HAVE_STRINGS_H
| # include <strings.h>
| #endif
| #ifdef HAVE_INTTYPES_H
| # include <inttypes.h>
| #endif
| #ifdef HAVE_STDINT_H
| # include <stdint.h>
| #endif
| #ifdef HAVE_UNISTD_H
| # include <unistd.h>
| #endif
| int
| main ()
| {
| if (sizeof ((pid_t)))
| 	  return 0;
|   ;
|   return 0;
| }
configure:4633: result: yes
configure:4645: checking whether time.h and sys/time.h may both be included
configure:4675: gcc -c -g -O2  conftest.c >&5
configure:4682: $? = 0
configure:4697: result: yes
configure:4725: checking vfork.h usability
configure:4742: gcc -c -g -O2  conftest.c >&5
conftest.c:72:10: fatal error: vfork.h: No such file or directory
 #include <vfork.h>
          ^~~~~~~~~
compilation terminated.
configure:4749: $? = 1
configure: failed program was:
| /* confdefs.h.  */
| #define PACKAGE_NAME "FULL-PACKAGE-NAME"
| #define PACKAGE_TARNAME "full-package-name"
| #define PACKAGE_VERSION "VERSION"
| #define PACKAGE_STRING "FULL-PACKAGE-NAME VERSION"
| #define PACKAGE_BUGREPORT "BUG-REPORT-ADDRESS"
| #define HAVE_LIBDL 1
| #define HAVE_LIBLDAP 1
| #define HAVE_LIBPAM 1
| #define HAVE_LIBPAM_MISC 1
| #define HAVE_LIBPTHREAD 1
| #define HAVE_LIBSSL 1
| #define STDC_HEADERS 1
| #define HAVE_SYS_WAIT_H 1
| #define HAVE_SYS_TYPES_H 1
| #define HAVE_SYS_STAT_H 1
| #define HAVE_STDLIB_H 1
| #define HAVE_STRING_H 1
| #define HAVE_MEMORY_H 1
| #define HAVE_STRINGS_H 1
| #define HAVE_INTTYPES_H 1
| #define HAVE_STDINT_H 1
| #define HAVE_UNISTD_H 1
| #define HAVE_ARPA_INET_H 1
| #define HAVE_FCNTL_H 1
| #define HAVE_NETDB_H 1
| #define HAVE_NETINET_IN_H 1
| #define HAVE_STDLIB_H 1
| #define HAVE_STRING_H 1
| #define HAVE_SYS_IOCTL_H 1
| #define HAVE_SYS_SOCKET_H 1
| #define HAVE_SYS_TIME_H 1
| #define HAVE_SYSLOG_H 1
| #define HAVE_UNISTD_H 1
| #define HAVE_SECURITY_PAM_MISC_H 1
| #define HAVE_SECURITY_PAM_APPL_H 1
| #define TIME_WITH_SYS_TIME 1
| /* end confdefs.h.  */
| #include <stdio.h>
| #ifdef HAVE_SYS_TYPES_H
| # include <sys/types.h>
| #endif
| #ifdef HAVE_SYS_STAT_H
| # include <sys/stat.h>
| #endif
| #ifdef STDC_HEADERS
| # include <stdlib.h>
| # include <stddef.h>
| #else
| # ifdef HAVE_STDLIB_H
| #  include <stdlib.h>
| # endif
| #endif
| #ifdef HAVE_STRING_H
| # if !defined STDC_HEADERS && defined HAVE_MEMORY_H
| #  include <memory.h>
| # endif
| # include <string.h>
| #endif
| #ifdef HAVE_STRINGS_H
| # include <strings.h>
| #endif
| #ifdef HAVE_INTTYPES_H
| # include <inttypes.h>
| #endif
| #ifdef HAVE_STDINT_H
| # include <stdint.h>
| #endif
| #ifdef HAVE_UNISTD_H
| # include <unistd.h>
| #endif
| #include <vfork.h>
configure:4763: result: no
configure:4767: checking vfork.h presence
configure:4782: gcc -E  conftest.c
conftest.c:39:10: fatal error: vfork.h: No such file or directory
 #include <vfork.h>
          ^~~~~~~~~
compilation terminated.
configure:4789: $? = 1
configure: failed program was:
| /* confdefs.h.  */
| #define PACKAGE_NAME "FULL-PACKAGE-NAME"
| #define PACKAGE_TARNAME "full-package-name"
| #define PACKAGE_VERSION "VERSION"
| #define PACKAGE_STRING "FULL-PACKAGE-NAME VERSION"
| #define PACKAGE_BUGREPORT "BUG-REPORT-ADDRESS"
| #define HAVE_LIBDL 1
| #define HAVE_LIBLDAP 1
| #define HAVE_LIBPAM 1
| #define HAVE_LIBPAM_MISC 1
| #define HAVE_LIBPTHREAD 1
| #define HAVE_LIBSSL 1
| #define STDC_HEADERS 1
| #define HAVE_SYS_WAIT_H 1
| #define HAVE_SYS_TYPES_H 1
| #define HAVE_SYS_STAT_H 1
| #define HAVE_STDLIB_H 1
| #define HAVE_STRING_H 1
| #define HAVE_MEMORY_H 1
| #define HAVE_STRINGS_H 1
| #define HAVE_INTTYPES_H 1
| #define HAVE_STDINT_H 1
| #define HAVE_UNISTD_H 1
| #define HAVE_ARPA_INET_H 1
| #define HAVE_FCNTL_H 1
| #define HAVE_NETDB_H 1
| #define HAVE_NETINET_IN_H 1
| #define HAVE_STDLIB_H 1
| #define HAVE_STRING_H 1
| #define HAVE_SYS_IOCTL_H 1
| #define HAVE_SYS_SOCKET_H 1
| #define HAVE_SYS_TIME_H 1
| #define HAVE_SYSLOG_H 1
| #define HAVE_UNISTD_H 1
| #define HAVE_SECURITY_PAM_MISC_H 1
| #define HAVE_SECURITY_PAM_APPL_H 1
| #define TIME_WITH_SYS_TIME 1
| /* end confdefs.h.  */
| #include <vfork.h>
configure:4803: result: no
configure:4836: checking for vfork.h
configure:4845: result: no
configure:4865: checking for fork
configure:4921: gcc -o conftest -g -O2   conftest.c -lssl -lpthread -lpam_misc -lpam -lldap -ldl  >&5
conftest.c:62:6: warning: conflicting types for built-in function 'fork' [-Wbuiltin-declaration-mismatch]
 char fork ();
      ^~~~
configure:4928: $? = 0
configure:4950: result: yes
configure:4865: checking for vfork
configure:4921: gcc -o conftest -g -O2   conftest.c -lssl -lpthread -lpam_misc -lpam -lldap -ldl  >&5
configure:4928: $? = 0
configure:4950: result: yes
configure:4963: checking for working fork
configure:4995: gcc -o conftest -g -O2   conftest.c -lssl -lpthread -lpam_misc -lpam -lldap -ldl  >&5
configure:4999: $? = 0
configure:5005: ./conftest
configure:5009: $? = 0
configure:5026: result: yes
configure:5047: checking for working vfork
configure:5188: result: yes
configure:5220: checking whether gcc needs -traditional
configure:5262: result: no
configure:5274: checking for stdlib.h
configure:5281: result: yes
configure:5420: checking for GNU libc compatible realloc
configure:5454: gcc -o conftest -g -O2   conftest.c -lssl -lpthread -lpam_misc -lpam -lldap -ldl  >&5
configure:5458: $? = 0
configure:5464: ./conftest
configure:5468: $? = 0
configure:5485: result: yes
configure:5530: checking sys/select.h usability
configure:5547: gcc -c -g -O2  conftest.c >&5
configure:5554: $? = 0
configure:5568: result: yes
configure:5572: checking sys/select.h presence
configure:5587: gcc -E  conftest.c
configure:5594: $? = 0
configure:5608: result: yes
configure:5641: checking for sys/select.h
configure:5650: result: yes
configure:5519: checking for sys/socket.h
configure:5526: result: yes
configure:5665: checking types of arguments for select
configure:5703: gcc -c -g -O2  conftest.c >&5
configure:5710: $? = 0
configure:5731: result: int,fd_set *,struct timeval *
configure:5758: checking for strftime
configure:5814: gcc -o conftest -g -O2   conftest.c -lssl -lpthread -lpam_misc -lpam -lldap -ldl  >&5
conftest.c:73:6: warning: conflicting types for built-in function 'strftime' [-Wbuiltin-declaration-mismatch]
 char strftime ();
      ^~~~~~~~
configure:5821: $? = 0
configure:5843: result: yes
configure:5942: checking for bzero
configure:5998: gcc -o conftest -g -O2   conftest.c -lssl -lpthread -lpam_misc -lpam -lldap -ldl  >&5
conftest.c:74:6: warning: conflicting types for built-in function 'bzero' [-Wbuiltin-declaration-mismatch]
 char bzero ();
      ^~~~~
configure:6005: $? = 0
configure:6027: result: yes
configure:5942: checking for gethostbyname
configure:5998: gcc -o conftest -g -O2   conftest.c -lssl -lpthread -lpam_misc -lpam -lldap -ldl  >&5
configure:6005: $? = 0
configure:6027: result: yes
configure:5942: checking for gettimeofday
configure:5998: gcc -o conftest -g -O2   conftest.c -lssl -lpthread -lpam_misc -lpam -lldap -ldl  >&5
configure:6005: $? = 0
configure:6027: result: yes
configure:5942: checking for inet_ntoa
configure:5998: gcc -o conftest -g -O2   conftest.c -lssl -lpthread -lpam_misc -lpam -lldap -ldl  >&5
configure:6005: $? = 0
configure:6027: result: yes
configure:5942: checking for memset
configure:5998: gcc -o conftest -g -O2   conftest.c -lssl -lpthread -lpam_misc -lpam -lldap -ldl  >&5
conftest.c:78:6: warning: conflicting types for built-in function 'memset' [-Wbuiltin-declaration-mismatch]
 char memset ();
      ^~~~~~
configure:6005: $? = 0
configure:6027: result: yes
configure:5942: checking for select
configure:5998: gcc -o conftest -g -O2   conftest.c -lssl -lpthread -lpam_misc -lpam -lldap -ldl  >&5
configure:6005: $? = 0
configure:6027: result: yes
configure:5942: checking for socket
configure:5998: gcc -o conftest -g -O2   conftest.c -lssl -lpthread -lpam_misc -lpam -lldap -ldl  >&5
configure:6005: $? = 0
configure:6027: result: yes
configure:5942: checking for strdup
configure:5998: gcc -o conftest -g -O2   conftest.c -lssl -lpthread -lpam_misc -lpam -lldap -ldl  >&5
conftest.c:81:6: warning: conflicting types for built-in function 'strdup' [-Wbuiltin-declaration-mismatch]
 char strdup ();
      ^~~~~~
configure:6005: $? = 0
configure:6027: result: yes
configure:5942: checking for strtol
configure:5998: gcc -o conftest -g -O2   conftest.c -lssl -lpthread -lpam_misc -lpam -lldap -ldl  >&5
configure:6005: $? = 0
configure:6027: result: yes
configure:6547: creating ./config.status

## ---------------------- ##
## Running config.status. ##
## ---------------------- ##

This file was extended by FULL-PACKAGE-NAME config.status VERSION, which was
generated by GNU Autoconf 2.63.  Invocation command line was

  CONFIG_FILES    = 
  CONFIG_HEADERS  = 
  CONFIG_LINKS    = 
  CONFIG_COMMANDS = 
  $ ./config.status 

on beta

config.status:796: creating Makefile
config.status:796: creating modules/Makefile
config.status:796: creating modules/mod_authen/Makefile
config.status:796: creating modules/mod_author/Makefile
config.status:796: creating modules/mod_balance/Makefile
config.status:796: creating modules/mod_bandwidth/Makefile
config.status:796: creating modules/mod_dump/Makefile
config.status:796: creating modules/mod_filter/Makefile
config.status:796: creating modules/mod_log/Makefile
config.status:796: creating modules/mod_proxy/Makefile
config.status:796: creating modules/mod_socks4/Makefile
config.status:796: creating modules/mod_socks5/Makefile
config.status:796: creating modules/mod_statistics/Makefile
config.status:796: creating common/Makefile
config.status:796: creating src/Makefile
config.status:796: creating include/config.h
config.status:1012: include/config.h is unchanged

## ---------------- ##
## Cache variables. ##
## ---------------- ##

ac_cv_c_compiler_gnu=yes
ac_cv_c_const=yes
ac_cv_c_inline=inline
ac_cv_env_CC_set=
ac_cv_env_CC_value=
ac_cv_env_CFLAGS_set=
ac_cv_env_CFLAGS_value=
ac_cv_env_CPPFLAGS_set=
ac_cv_env_CPPFLAGS_value=
ac_cv_env_CPP_set=
ac_cv_env_CPP_value=
ac_cv_env_LDFLAGS_set=
ac_cv_env_LDFLAGS_value=
ac_cv_env_LIBS_set=
ac_cv_env_LIBS_value=
ac_cv_env_build_alias_set=
ac_cv_env_build_alias_value=
ac_cv_env_host_alias_set=
ac_cv_env_host_alias_value=
ac_cv_env_target_alias_set=
ac_cv_env_target_alias_value=
ac_cv_func_bzero=yes
ac_cv_func_fork=yes
ac_cv_func_fork_works=yes
ac_cv_func_gethostbyname=yes
ac_cv_func_gettimeofday=yes
ac_cv_func_inet_ntoa=yes
ac_cv_func_memset=yes
ac_cv_func_realloc_0_nonnull=yes
ac_cv_func_select=yes
ac_cv_func_select_args='int,fd_set *,struct timeval *'
ac_cv_func_socket=yes
ac_cv_func_strdup=yes
ac_cv_func_strftime=yes
ac_cv_func_strtol=yes
ac_cv_func_vfork=yes
ac_cv_func_vfork_works=yes
ac_cv_header_arpa_inet_h=yes
ac_cv_header_fcntl_h=yes
ac_cv_header_inttypes_h=yes
ac_cv_header_memory_h=yes
ac_cv_header_netdb_h=yes
ac_cv_header_netinet_in_h=yes
ac_cv_header_security_pam_appl_h=yes
ac_cv_header_security_pam_misc_h=yes
ac_cv_header_stdc=yes
ac_cv_header_stdint_h=yes
ac_cv_header_stdlib_h=yes
ac_cv_header_string_h=yes
ac_cv_header_strings_h=yes
ac_cv_header_sys_ioctl_h=yes
ac_cv_header_sys_select_h=yes
ac_cv_header_sys_socket_h=yes
ac_cv_header_sys_stat_h=yes
ac_cv_header_sys_time_h=yes
ac_cv_header_sys_types_h=yes
ac_cv_header_sys_wait_h=yes
ac_cv_header_syslog_h=yes
ac_cv_header_time=yes
ac_cv_header_unistd_h=yes
ac_cv_header_vfork_h=no
ac_cv_lib_dl_main=yes
ac_cv_lib_ldap_main=yes
ac_cv_lib_pam_main=yes
ac_cv_lib_pam_misc_main=yes
ac_cv_lib_pthread_main=yes
ac_cv_lib_ssl_main=yes
ac_cv_objext=o
ac_cv_path_EGREP='/usr/bin/grep -E'
ac_cv_path_GREP=/usr/bin/grep
ac_cv_path_install='/usr/bin/install -c'
ac_cv_prog_CPP='gcc -E'
ac_cv_prog_ac_ct_CC=gcc
ac_cv_prog_cc_c89=
ac_cv_prog_cc_g=yes
ac_cv_prog_gcc_traditional=no
ac_cv_type_pid_t=yes

## ----------------- ##
## Output variables. ##
## ----------------- ##

CC='gcc'
CFLAGS='-g -O2 -DLINUX -D_FILE_OFFSET_BITS=64'
CPP='gcc -E'
CPPFLAGS=''
DEFS='-DHAVE_CONFIG_H'
ECHO_C=''
ECHO_N='-n'
ECHO_T=''
EGREP='/usr/bin/grep -E'
EXEEXT=''
EXTRA_CFLAGS=''
EXTRA_LIBS=''
GREP='/usr/bin/grep'
INSTALL_DATA='${INSTALL} -m 644'
INSTALL_PROGRAM='${INSTALL}'
INSTALL_SCRIPT='${INSTALL}'
LDFLAGS=''
LIBOBJS=''
LIBS='-rdynamic -ldl -lssl -lldap -lpam -lpam_misc -lcrypto'
LTLIBOBJS=''
OBJEXT='o'
OS='Linux'
PACKAGE_BUGREPORT='BUG-REPORT-ADDRESS'
PACKAGE_NAME='FULL-PACKAGE-NAME'
PACKAGE_STRING='FULL-PACKAGE-NAME VERSION'
PACKAGE_TARNAME='full-package-name'
PACKAGE_VERSION='VERSION'
PATH_SEPARATOR=':'
SHELL='/bin/sh'
SS5_CONFIG_FILE=''
SS5_DEFAULT_ADDR=''
SS5_DEFAULT_PORT=''
SS5_DEFAULT_USER=''
SS5_LIB_PATH=''
SS5_LOG_FILE=''
SS5_PASSWORD_FILE=''
SS5_PROFILE_PATH=''
SS5_TRACE_PATH=''
ac_ct_CC='gcc'
bin_path_base='/usr/sbin'
bindir='${exec_prefix}/bin'
build_alias=''
conf_path_base='/etc/opt'
datadir='${datarootdir}'
datarootdir='${prefix}/share'
doc_path_base='/usr/share/doc'
docdir='${datarootdir}/doc/${PACKAGE_TARNAME}'
dvidir='${docdir}'
exec_prefix='${prefix}'
host_alias=''
htmldir='${docdir}'
includedir='${prefix}/include'
infodir='${datarootdir}/info'
lib_path_base='/usr/lib'
libdir='${exec_prefix}/lib'
libexecdir='${exec_prefix}/libexec'
localedir='${datarootdir}/locale'
localstatedir='${prefix}/var'
log_path_base='/var/log/ss5'
man_path_base='/usr/share/man'
mandir='${datarootdir}/man'
oldincludedir='/usr/include'
pdfdir='${docdir}'
prefix='/usr/local'
program_transform_name='s,x,x,'
psdir='${docdir}'
sbindir='${exec_prefix}/sbin'
sharedstatedir='${prefix}/com'
sysconfdir='${prefix}/etc'
target_alias=''
trc_path_base='/var/log/ss5'

## ----------- ##
## confdefs.h. ##
## ----------- ##

#define PACKAGE_NAME "FULL-PACKAGE-NAME"
#define PACKAGE_TARNAME "full-package-name"
#define PACKAGE_VERSION "VERSION"
#define PACKAGE_STRING "FULL-PACKAGE-NAME VERSION"
#define PACKAGE_BUGREPORT "BUG-REPORT-ADDRESS"
#define HAVE_LIBDL 1
#define HAVE_LIBLDAP 1
#define HAVE_LIBPAM 1
#define HAVE_LIBPAM_MISC 1
#define HAVE_LIBPTHREAD 1
#define HAVE_LIBSSL 1
#define STDC_HEADERS 1
#define HAVE_SYS_WAIT_H 1
#define HAVE_SYS_TYPES_H 1
#define HAVE_SYS_STAT_H 1
#define HAVE_STDLIB_H 1
#define HAVE_STRING_H 1
#define HAVE_MEMORY_H 1
#define HAVE_STRINGS_H 1
#define HAVE_INTTYPES_H 1
#define HAVE_STDINT_H 1
#define HAVE_UNISTD_H 1
#define HAVE_ARPA_INET_H 1
#define HAVE_FCNTL_H 1
#define HAVE_NETDB_H 1
#define HAVE_NETINET_IN_H 1
#define HAVE_STDLIB_H 1
#define HAVE_STRING_H 1
#define HAVE_SYS_IOCTL_H 1
#define HAVE_SYS_SOCKET_H 1
#define HAVE_SYS_TIME_H 1
#define HAVE_SYSLOG_H 1
#define HAVE_UNISTD_H 1
#define HAVE_SECURITY_PAM_MISC_H 1
#define HAVE_SECURITY_PAM_APPL_H 1
#define TIME_WITH_SYS_TIME 1
#define HAVE_FORK 1
#define HAVE_VFORK 1
#define HAVE_WORKING_VFORK 1
#define HAVE_WORKING_FORK 1
#define HAVE_STDLIB_H 1
#define HAVE_REALLOC 1
#define HAVE_SYS_SELECT_H 1
#define HAVE_SYS_SOCKET_H 1
#define SELECT_TYPE_ARG1 int
#define SELECT_TYPE_ARG234 (fd_set *)
#define SELECT_TYPE_ARG5 (struct timeval *)
#define HAVE_STRFTIME 1
#define HAVE_BZERO 1
#define HAVE_GETHOSTBYNAME 1
#define HAVE_GETTIMEOFDAY 1
#define HAVE_INET_NTOA 1
#define HAVE_MEMSET 1
#define HAVE_SELECT 1
#define HAVE_SOCKET 1
#define HAVE_STRDUP 1
#define HAVE_STRTOL 1

configure: exit 0
